c:\users\markm\source\repos\canadianexperience\machinedemo\debug\machinedemo.pch
c:\users\markm\source\repos\canadianexperience\machinedemo\debug\vc141.pdb
c:\users\markm\source\repos\canadianexperience\machinedemo\debug\vc141.idb
c:\users\markm\source\repos\canadianexperience\machinedemo\debug\stdafx.obj
c:\users\markm\source\repos\canadianexperience\machinedemo\debug\machinedemoview.obj
c:\users\markm\source\repos\canadianexperience\machinedemo\debug\machinedemodlg.obj
c:\users\markm\source\repos\canadianexperience\machinedemo\debug\machinedemo.obj
c:\users\markm\source\repos\canadianexperience\debug\machinedemo.ilk
c:\users\markm\source\repos\canadianexperience\debug\machinedemo.exe
c:\users\markm\source\repos\canadianexperience\debug\machinedemo.pdb
c:\users\markm\source\repos\canadianexperience\machinedemo\debug\machinedemo.res
c:\users\markm\source\repos\canadianexperience\machinedemo\debug\machinedemo.tlog\cl.command.1.tlog
c:\users\markm\source\repos\canadianexperience\machinedemo\debug\machinedemo.tlog\cl.read.1.tlog
c:\users\markm\source\repos\canadianexperience\machinedemo\debug\machinedemo.tlog\cl.write.1.tlog
c:\users\markm\source\repos\canadianexperience\machinedemo\debug\machinedemo.tlog\link.command.1.tlog
c:\users\markm\source\repos\canadianexperience\machinedemo\debug\machinedemo.tlog\link.read.1.tlog
c:\users\markm\source\repos\canadianexperience\machinedemo\debug\machinedemo.tlog\link.write.1.tlog
c:\users\markm\source\repos\canadianexperience\machinedemo\debug\machinedemo.tlog\rc.command.1.tlog
c:\users\markm\source\repos\canadianexperience\machinedemo\debug\machinedemo.tlog\rc.read.1.tlog
c:\users\markm\source\repos\canadianexperience\machinedemo\debug\machinedemo.tlog\rc.write.1.tlog
