c:\users\markm\source\repos\canadianexperience\machinelib\debug\machinelib.pch
c:\users\markm\source\repos\canadianexperience\machinelib\debug\vc141.pdb
c:\users\markm\source\repos\canadianexperience\machinelib\debug\vc141.idb
c:\users\markm\source\repos\canadianexperience\machinelib\debug\stdafx.obj
c:\users\markm\source\repos\canadianexperience\machinelib\debug\machinestandin.obj
c:\users\markm\source\repos\canadianexperience\machinelib\debug\machinedlg.obj
c:\users\markm\source\repos\canadianexperience\machinelib\debug\machinelib.obj
c:\users\markm\source\repos\canadianexperience\machinelib\debug\machinefactory.obj
c:\users\markm\source\repos\canadianexperience\machinelib\debug\machine.obj
c:\users\markm\source\repos\canadianexperience\machinelib\debug\polygon.obj
c:\users\markm\source\repos\canadianexperience\machinelib\debug\wavplayer.obj
c:\users\markm\source\repos\canadianexperience\machinelib\debug\wavfilereader.obj
c:\users\markm\source\repos\canadianexperience\machinelib\debug\wavchannel.obj
c:\users\markm\source\repos\canadianexperience\machinelib\debug\shape.obj
c:\users\markm\source\repos\canadianexperience\machinelib\debug\component.obj
c:\users\markm\source\repos\canadianexperience\machinelib\debug\workingmachine.obj
c:\users\markm\source\repos\canadianexperience\machinelib\debug\motor.obj
c:\users\markm\source\repos\canadianexperience\machinelib\debug\machinefactory1.obj
c:\users\markm\source\repos\canadianexperience\machinelib\debug\actualmachine.obj
c:\users\markm\source\repos\canadianexperience\machinelib\debug\rotationsink.obj
c:\users\markm\source\repos\canadianexperience\machinelib\debug\rotationsource.obj
c:\users\markm\source\repos\canadianexperience\machinelib\debug\pulley.obj
c:\users\markm\source\repos\canadianexperience\machinelib\debug\cam.obj
c:\users\markm\source\repos\canadianexperience\machinelib\debug\roller.obj
c:\users\markm\source\repos\canadianexperience\machinelib\debug\bell.obj
c:\users\markm\source\repos\canadianexperience\machinelib\debug\machinefactory2.obj
c:\users\markm\source\repos\canadianexperience\debug\machinelib.lib
c:\users\markm\source\repos\canadianexperience\debug\machinelib.exp
c:\users\markm\source\repos\canadianexperience\machinelib\debug\machinelib.res
c:\users\markm\source\repos\canadianexperience\machinelib\debug\roller.obj.enc
c:\users\markm\source\repos\canadianexperience\debug\machinelib.pdb
c:\users\markm\source\repos\canadianexperience\debug\machinelib.dll
c:\users\markm\source\repos\canadianexperience\debug\machinelib.ilk
c:\users\markm\source\repos\canadianexperience\machinelib\debug\machinelib.tlog\cl.command.1.tlog
c:\users\markm\source\repos\canadianexperience\machinelib\debug\machinelib.tlog\cl.read.1.tlog
c:\users\markm\source\repos\canadianexperience\machinelib\debug\machinelib.tlog\cl.write.1.tlog
c:\users\markm\source\repos\canadianexperience\machinelib\debug\machinelib.tlog\link.command.1.tlog
c:\users\markm\source\repos\canadianexperience\machinelib\debug\machinelib.tlog\link.read.1.tlog
c:\users\markm\source\repos\canadianexperience\machinelib\debug\machinelib.tlog\link.write.1.tlog
c:\users\markm\source\repos\canadianexperience\machinelib\debug\machinelib.tlog\machinelib.write.1u.tlog
c:\users\markm\source\repos\canadianexperience\machinelib\debug\machinelib.tlog\rc.command.1.tlog
c:\users\markm\source\repos\canadianexperience\machinelib\debug\machinelib.tlog\rc.read.1.tlog
c:\users\markm\source\repos\canadianexperience\machinelib\debug\machinelib.tlog\rc.write.1.tlog
